<?xml version="1.0" encoding="UTF-8"?>
<!-- Generated by org.testng.reporters.JUnitReportReporter -->
<testsuite hostname="LAPTOP-UG108639" failures="0" tests="2" name="test.com.itexps.WorkFlowTest" time="4.020" errors="0" timestamp="19 Mar 2025 01:13:27 GMT">
  <testcase classname="test.com.itexps.WorkFlowTest" name="testLogin" time="3.545"/>
  <testcase classname="test.com.itexps.WorkFlowTest" name="testLoginout" time="0.475"/>
</testsuite> <!-- test.com.itexps.WorkFlowTest -->
